Removed Pin From Net: NetName=+3V3 Pin=MOD1-1
Removed Pin From Net: NetName=GND Pin=MOD1-14
Removed Pin From Net: NetName=+5V Pin=MOD1-19
Removed Pin From Net: NetName=GND Pin=MOD1-20
Removed Pin From Net: NetName=OLED_SDA Pin=MOD1-22
Removed Pin From Net: NetName=OLED_SCL Pin=MOD1-25
Removed Pin From Net: NetName=GND Pin=MOD1-26
Removed Pin From Net: NetName=BUZZ1 Pin=MOD1-27
Removed Pin From Net: NetName=BUZZ2 Pin=MOD1-28
Removed Pin From Net: NetName=LG1 Pin=MOD1-29
Removed Pin From Net: NetName=LY1 Pin=MOD1-30
Removed Pin From Net: NetName=LR1 Pin=MOD1-31
Removed Pin From Net: NetName=LG2 Pin=MOD1-32
Removed Pin From Net: NetName=LY2 Pin=MOD1-33
Removed Pin From Net: NetName=LR2 Pin=MOD1-34
Removed Member From Class: ClassName=Gateway_SCH Member=MOD1
Added Component: Designator=MOD?(ESP32S MODULE 38 PIN)
Added Pin To Net: NetName=+3V3 Pin=MOD?-1
Added Pin To Net: NetName=GND Pin=MOD?-14
Added Pin To Net: NetName=+5V Pin=MOD?-19
Added Pin To Net: NetName=GND Pin=MOD?-20
Added Pin To Net: NetName=OLED_SDA Pin=MOD?-22
Added Pin To Net: NetName=OLED_SCL Pin=MOD?-25
Added Pin To Net: NetName=GND Pin=MOD?-26
Added Pin To Net: NetName=BUZZ1 Pin=MOD?-27
Added Pin To Net: NetName=BUZZ2 Pin=MOD?-28
Added Pin To Net: NetName=LG1 Pin=MOD?-29
Added Pin To Net: NetName=LY1 Pin=MOD?-30
Added Pin To Net: NetName=LR1 Pin=MOD?-31
Added Pin To Net: NetName=LG2 Pin=MOD?-32
Added Pin To Net: NetName=LY2 Pin=MOD?-33
Added Pin To Net: NetName=LR2 Pin=MOD?-34
Added Member To Class: ClassName=Gateway_SCH Member=Component MOD? Module ESP32S 38 Pin
