Removed Pin From Net: NetName=GPIO32 Pin=C1-2
Removed Pin From Net: NetName=GND Pin=C1-3
Removed Pin From Net: NetName=Vin Pin=C1-4
Removed Pin From Net: NetName=GND Pin=D1-1
Removed Pin From Net: NetName=GND Pin=D2-1
Removed Pin From Net: NetName=Vin Pin=JP1-1
Removed Pin From Net: NetName=GND Pin=JP1-2
Removed Pin From Net: NetName=GPIO34 Pin=JP2-1
Removed Pin From Net: NetName=GND Pin=JP2-3
Removed Pin From Net: NetName=Vin Pin=JP2-4
Removed Pin From Net: NetName=GND Pin=LED1-2
Removed Pin From Net: NetName=GND Pin=LED2-2
Removed Pin From Net: NetName=GND Pin=LED3-2
Removed Pin From Net: NetName=GND Pin=LED4-2
Removed Pin From Net: NetName=GND Pin=LM1-3
Removed Pin From Net: NetName=Vin Pin=LM1-4
Removed Pin From Net: NetName=Vin Pin=Q1-1
Removed Pin From Net: NetName=Vin Pin=Q2-1
Removed Pin From Net: NetName=Vin Pin=R2-1
Removed Pin From Net: NetName=Vin Pin=R5-1
Removed Pin From Net: NetName=GND Pin=RL1-4
Removed Pin From Net: NetName=GND Pin=RL2-4
Removed Member From Class: ClassName=fire_warning Member=C1
Removed Member From Class: ClassName=fire_warning Member=D1
Removed Member From Class: ClassName=fire_warning Member=D2
Removed Member From Class: ClassName=fire_warning Member=JACK DC1
Removed Member From Class: ClassName=fire_warning Member=JP1
Removed Member From Class: ClassName=fire_warning Member=JP2
Removed Member From Class: ClassName=fire_warning Member=LED1
Removed Member From Class: ClassName=fire_warning Member=LED2
Removed Member From Class: ClassName=fire_warning Member=LED3
Removed Member From Class: ClassName=fire_warning Member=LED4
Removed Member From Class: ClassName=fire_warning Member=LM1
Removed Member From Class: ClassName=fire_warning Member=Q1
Removed Member From Class: ClassName=fire_warning Member=Q2
Removed Member From Class: ClassName=fire_warning Member=R3
Removed Member From Class: ClassName=fire_warning Member=R4
Removed Member From Class: ClassName=fire_warning Member=R5
Removed Member From Class: ClassName=fire_warning Member=R6
Removed Member From Class: ClassName=fire_warning Member=RL2
Added Component: Designator=J1(XH2.54M-4)
Add component (AddParameter): Name = "Chung_Loai"; Value = "C?m"; VariantName = "[No Variations]"
Add component (AddParameter): Name = "Don_Vi"; Value = "Con"; VariantName = "[No Variations]"
Add component (AddParameter): Name = "Ghi_Chu"; Value = ""; VariantName = "[No Variations]"
Add component (AddParameter): Name = "Kieu_Chan"; Value = ""; VariantName = "[No Variations]"
Add component (AddParameter): Name = "Ma_Hang"; Value = "MH001285"; VariantName = "[No Variations]"
Add component (AddParameter): Name = "Ten_Linh_Kien"; Value = "Header 4P XH2.54-4P Ð?c Th?ng"; VariantName = "[No Variations]"
Added Component: Designator=J2(XH2.54M-4)
Add component (AddParameter): Name = "Chung_Loai"; Value = "C?m"; VariantName = "[No Variations]"
Add component (AddParameter): Name = "Don_Vi"; Value = "Con"; VariantName = "[No Variations]"
Add component (AddParameter): Name = "Ghi_Chu"; Value = ""; VariantName = "[No Variations]"
Add component (AddParameter): Name = "Kieu_Chan"; Value = ""; VariantName = "[No Variations]"
Add component (AddParameter): Name = "Ma_Hang"; Value = "MH001285"; VariantName = "[No Variations]"
Add component (AddParameter): Name = "Ten_Linh_Kien"; Value = "Header 4P XH2.54-4P Ð?c Th?ng"; VariantName = "[No Variations]"
Added Component: Designator=J3(XH2.54M-3)
Add component (AddParameter): Name = "Chung_Loai"; Value = "C?m"; VariantName = "[No Variations]"
Add component (AddParameter): Name = "Don_Vi"; Value = "Con"; VariantName = "[No Variations]"
Add component (AddParameter): Name = "Ghi_Chu"; Value = ""; VariantName = "[No Variations]"
Add component (AddParameter): Name = "Kieu_Chan"; Value = ""; VariantName = "[No Variations]"
Add component (AddParameter): Name = "Ma_Hang"; Value = "MH001292"; VariantName = "[No Variations]"
Add component (AddParameter): Name = "Ten_Linh_Kien"; Value = "Header 3P XH2.54-3P Ð?c Th?ng"; VariantName = "[No Variations]"
Added Component: Designator=JDC(DC-IN)
Add component (AddParameter): Name = "Value"; Value = "Jac DC"; VariantName = "[No Variations]"
Added Component: Designator=L1(LED-5MM-BLUE)
Add component (AddParameter): Name = "Chung_Loai"; Value = "C?m"; VariantName = "[No Variations]"
Add component (AddParameter): Name = "Don_Vi"; Value = "Con"; VariantName = "[No Variations]"
Add component (AddParameter): Name = "Ghi_Chu"; Value = ""; VariantName = "[No Variations]"
Add component (AddParameter): Name = "Kieu_Chan"; Value = ""; VariantName = "[No Variations]"
Add component (AddParameter): Name = "Ma_Hang"; Value = "MH008987"; VariantName = "[No Variations]"
Add component (AddParameter): Name = "Ten_Linh_Kien"; Value = "Led 5MM Xanh Duong Ð?c (1000c)"; VariantName = "[No Variations]"
Added Component: Designator=L2(LED-5MM-RED)
Add component (AddParameter): Name = "Chung_Loai"; Value = "C?m"; VariantName = "[No Variations]"
Add component (AddParameter): Name = "Don_Vi"; Value = "Con"; VariantName = "[No Variations]"
Add component (AddParameter): Name = "Ghi_Chu"; Value = ""; VariantName = "[No Variations]"
Add component (AddParameter): Name = "Kieu_Chan"; Value = ""; VariantName = "[No Variations]"
Add component (AddParameter): Name = "Ma_Hang"; Value = "MH008967"; VariantName = "[No Variations]"
Add component (AddParameter): Name = "Ten_Linh_Kien"; Value = "Led 5MM Ph? Ð? (1000c)"; VariantName = "[No Variations]"
Added Component: Designator=MOD1(Module DC-DC Buck Converter LM2596)
Added Component: Designator=R1(Res 1/4W)
Add component (AddParameter): Name = "Value"; Value = "R1/4W - 1K"; VariantName = "[No Variations]"
Added Component: Designator=R2(Res 1/4W)
Add component (AddParameter): Name = "Value"; Value = "R1/4W - 1K"; VariantName = "[No Variations]"
Added Component: Designator=RL1(RLY 2 Channel)
Added Pin To Net: NetName=GND Pin=J1-2
Added Pin To Net: NetName=GND Pin=J2-2
Added Pin To Net: NetName=GND Pin=J3-2
Added Pin To Net: NetName=GND Pin=L1-2
Added Pin To Net: NetName=GND Pin=L2-2
Added Pin To Net: NetName=Vin Pin=MOD1-3
Added Pin To Net: NetName=GND Pin=MOD1-4
Added Pin To Net: NetName=Vin Pin=RL1-1
Added Pin To Net: NetName=GND Pin=RL1-4
Added Pin To Net: NetName=+3V3 Pin=J1-1
Added Pin To Net: NetName=+3V3 Pin=J2-1
Added Pin To Net: NetName=+3V3 Pin=J3-1
Added Pin To Net: NetName=+3V3 Pin=U1-1
Added Net: Name=+3V3
Added Pin To Net: NetName=BME_I2C_SCL Pin=J1-3
Added Pin To Net: NetName=BME_I2C_SCL Pin=U1-22
Added Net: Name=BME_I2C_SCL
Added Pin To Net: NetName=BME_I2C_SDA Pin=J1-4
Added Pin To Net: NetName=BME_I2C_SDA Pin=U1-25
Added Net: Name=BME_I2C_SDA
Added Pin To Net: NetName=IR_D0 Pin=J3-3
Added Pin To Net: NetName=IR_D0 Pin=U1-15
Added Net: Name=IR_D0
Added Pin To Net: NetName=LED GREEN Pin=R1-2
Added Pin To Net: NetName=LED GREEN Pin=U1-29
Added Net: Name=LED GREEN
Added Pin To Net: NetName=LED RED Pin=R2-1
Added Pin To Net: NetName=LED RED Pin=U1-30
Added Net: Name=LED RED
Added Pin To Net: NetName=MQ7_A0 Pin=J2-4
Added Pin To Net: NetName=MQ7_A0 Pin=U1-32
Added Net: Name=MQ7_A0
Added Pin To Net: NetName=MQ7_D0 Pin=J2-3
Added Pin To Net: NetName=MQ7_D0 Pin=U1-31
Added Net: Name=MQ7_D0
Added Pin To Net: NetName=NetJDC_1 Pin=JDC-1
Added Pin To Net: NetName=NetJDC_1 Pin=MOD1-1
Added Net: Name=NetJDC_1
Added Pin To Net: NetName=NetJDC_2 Pin=JDC-2
Added Pin To Net: NetName=NetJDC_2 Pin=JDC-3
Added Pin To Net: NetName=NetJDC_2 Pin=MOD1-2
Added Net: Name=NetJDC_2
Added Pin To Net: NetName=NetL1_1 Pin=L1-1
Added Pin To Net: NetName=NetL1_1 Pin=R1-1
Added Net: Name=NetL1_1
Added Pin To Net: NetName=NetL2_1 Pin=L2-1
Added Pin To Net: NetName=NetL2_1 Pin=R2-2
Added Net: Name=NetL2_1
Added Pin To Net: NetName=RLY_IN1 Pin=RL1-3
Added Pin To Net: NetName=RLY_IN1 Pin=U1-11
Added Net: Name=RLY_IN1
Added Pin To Net: NetName=RLY_IN2 Pin=RL1-2
Added Pin To Net: NetName=RLY_IN2 Pin=U1-10
Added Net: Name=RLY_IN2
Added Member To Class: ClassName=fire_warning Member=Component J1 BME280
Added Member To Class: ClassName=fire_warning Member=Component JDC Jac DC
Added Member To Class: ClassName=fire_warning Member=Component L1 LED 5mm
Added Member To Class: ClassName=fire_warning Member=Component L2 LED 5mm
Added Member To Class: ClassName=fire_warning Member=Component MOD1 DC-DC Buck Converter LM2596 ADJ
Added Room: Name=fire_warning
