Removed Pin From Net: NetName=GND Pin=BME1-2
Removed Pin From Net: NetName=GPIO22 Pin=BME1-3
Removed Pin From Net: NetName=GPIO21 Pin=BME1-4
Removed Member From Class: ClassName=fire_warning Member=BME1
Added Component: Designator=JP?(JP 1x4 CT)
Add component (AddParameter): Name = "Chung_Loai"; Value = "C?m"; VariantName = "[No Variations]"
Add component (AddParameter): Name = "Don_Vi"; Value = "Con"; VariantName = "[No Variations]"
Add component (AddParameter): Name = "Ghi_Chu"; Value = ""; VariantName = "[No Variations]"
Add component (AddParameter): Name = "Kieu_Chan"; Value = ""; VariantName = "[No Variations]"
Add component (AddParameter): Name = "Ma_Hang"; Value = "MH004006"; VariantName = "[No Variations]"
Add component (AddParameter): Name = "Ten_Linh_Kien"; Value = "Jump Ðon Cái 2.54MM 1x20P Th?ng"; VariantName = "[No Variations]"
Added Pin To Net: NetName=Vin Pin=Flame_sensor1-4
Added Pin To Net: NetName=Vin Pin=JP?-1
Added Pin To Net: NetName=GND Pin=JP?-2
Added Pin To Net: NetName=GPIO22 Pin=JP?-3
Added Pin To Net: NetName=GPIO21 Pin=JP?-4
Added Member To Class: ClassName=fire_warning Member=Component D2 1N4007
Added Member To Class: ClassName=fire_warning Member=Component J2 KF3
Added Member To Class: ClassName=fire_warning Member=Component J3 KF3
Added Member To Class: ClassName=fire_warning Member=Component JP? JP 1x4 2.54
Added Member To Class: ClassName=fire_warning Member=Component LED1 RED
Added Member To Class: ClassName=fire_warning Member=Component LED2 Green
Added Member To Class: ClassName=fire_warning Member=Component Q1 2N3906
Added Member To Class: ClassName=fire_warning Member=Component Q2 2N3906
Added Member To Class: ClassName=fire_warning Member=Component R1 1K
Added Member To Class: ClassName=fire_warning Member=Component R2 1K
Added Member To Class: ClassName=fire_warning Member=Component R3 1K
Added Member To Class: ClassName=fire_warning Member=Component R4 1K
Added Member To Class: ClassName=fire_warning Member=Component R5 1K
Added Member To Class: ClassName=fire_warning Member=Component R6 1K
Added Member To Class: ClassName=fire_warning Member=Component RL2 Relay 10A/12V
Added Room: Name=fire_warning
